{
  "RSpec": {
    "coverage": {
      "/Users/megsvetz/megsvetz/coding/sites/eventfull/spec/models/band_spec.rb": [
        1,
        null,
        1,
        null,
        1,
        2,
        2,
        null,
        null,
        1,
        1,
        null,
        null,
        1,
        1,
        null,
        null,
        null
      ],
      "/Users/megsvetz/megsvetz/coding/sites/eventfull/spec/rails_helper.rb": [
        null,
        1,
        1,
        null,
        1,
        1,
        1,
        null,
        null,
        null,
        null,
        null,
        null,
        null,
        null,
        null,
        null,
        null,
        null,
        null,
        null,
        null,
        null,
        null,
        null,
        null,
        1,
        null,
        1,
        null,
        1,
        null,
        null,
        null,
        null,
        1,
        null,
        null,
        null,
        null,
        null,
        null,
        null,
        null,
        null,
        null,
        null,
        null,
        null,
        null,
        1,
        null
      ],
      "/Users/megsvetz/megsvetz/coding/sites/eventfull/config/environment.rb": [
        null,
        1,
        null,
        null,
        1
      ],
      "/Users/megsvetz/megsvetz/coding/sites/eventfull/config/application.rb": [
        1,
        null,
        1,
        null,
        null,
        null,
        1,
        null,
        1,
        1,
        null,
        null,
        null,
        null,
        null,
        null,
        null,
        null,
        null,
        null,
        null,
        null,
        null,
        1,
        null,
        null
      ],
      "/Users/megsvetz/megsvetz/coding/sites/eventfull/config/boot.rb": [
        1,
        null,
        1
      ],
      "/Users/megsvetz/megsvetz/coding/sites/eventfull/config/environments/test.rb": [
        1,
        null,
        null,
        null,
        null,
        null,
        null,
        1,
        null,
        null,
        null,
        null,
        1,
        null,
        null,
        1,
        1,
        null,
        null,
        1,
        1,
        null,
        null,
        1,
        null,
        null,
        1,
        null,
        null,
        null,
        null,
        1,
        null,
        null,
        1,
        null,
        null,
        1,
        null,
        null,
        null,
        null
      ],
      "/Users/megsvetz/megsvetz/coding/sites/eventfull/config/initializers/assets.rb": [
        null,
        null,
        null,
        1,
        null,
        null,
        null,
        null,
        null,
        null,
        null
      ],
      "/Users/megsvetz/megsvetz/coding/sites/eventfull/config/initializers/backtrace_silencers.rb": [
        null,
        null,
        null,
        null,
        null,
        null,
        null
      ],
      "/Users/megsvetz/megsvetz/coding/sites/eventfull/config/initializers/cookies_serializer.rb": [
        null,
        null,
        1
      ],
      "/Users/megsvetz/megsvetz/coding/sites/eventfull/config/initializers/filter_parameter_logging.rb": [
        null,
        null,
        null,
        1
      ],
      "/Users/megsvetz/megsvetz/coding/sites/eventfull/config/initializers/inflections.rb": [
        null,
        null,
        null,
        null,
        null,
        null,
        null,
        null,
        null,
        null,
        null,
        null,
        null,
        null,
        null,
        null
      ],
      "/Users/megsvetz/megsvetz/coding/sites/eventfull/config/initializers/mime_types.rb": [
        null,
        null,
        null,
        null
      ],
      "/Users/megsvetz/megsvetz/coding/sites/eventfull/config/initializers/session_store.rb": [
        null,
        null,
        1
      ],
      "/Users/megsvetz/megsvetz/coding/sites/eventfull/config/initializers/wrap_parameters.rb": [
        null,
        null,
        null,
        null,
        null,
        null,
        1,
        1,
        null,
        null,
        null,
        null,
        null,
        null
      ],
      "/Users/megsvetz/megsvetz/coding/sites/eventfull/config/routes.rb": [
        1,
        null,
        1,
        null,
        1,
        1,
        1,
        null,
        1,
        1,
        1,
        null,
        null,
        null,
        null,
        null,
        null,
        null,
        null,
        null,
        null,
        null,
        null,
        null,
        null,
        null,
        null,
        null,
        null,
        null,
        null,
        null,
        null,
        null,
        null,
        null,
        null,
        null,
        null,
        null,
        null,
        null,
        null,
        null,
        null,
        null,
        null,
        null,
        null,
        null,
        null,
        null,
        null,
        null,
        null,
        null,
        null,
        null,
        null,
        null,
        null,
        null,
        null,
        null,
        null,
        null
      ],
      "/Users/megsvetz/megsvetz/coding/sites/eventfull/app/helpers/application_helper.rb": [
        1,
        1,
        0,
        null,
        null
      ],
      "/Users/megsvetz/megsvetz/coding/sites/eventfull/app/models/band.rb": [
        1,
        null,
        1,
        1,
        null,
        1,
        1,
        null,
        null
      ],
      "/Users/megsvetz/megsvetz/coding/sites/eventfull/spec/models/event_spec.rb": [
        1,
        null,
        1,
        null,
        null
      ],
      "/Users/megsvetz/megsvetz/coding/sites/eventfull/app/models/event.rb": [
        1,
        null,
        1,
        1,
        null,
        null
      ],
      "/Users/megsvetz/megsvetz/coding/sites/eventfull/spec/models/user_spec.rb": [
        1,
        null,
        1,
        null,
        null
      ],
      "/Users/megsvetz/megsvetz/coding/sites/eventfull/app/models/user.rb": [
        1,
        1,
        null
      ],
      "/Users/megsvetz/megsvetz/coding/sites/eventfull/spec/models/venue_spec.rb": [
        1,
        null,
        1,
        null,
        null
      ],
      "/Users/megsvetz/megsvetz/coding/sites/eventfull/app/models/venue.rb": [
        1,
        null,
        null,
        null,
        1,
        1,
        null,
        null
      ]
    },
    "timestamp": 1435011009
  }
}
